[08-Jul-2026 11:31:07 UTC] PHP Fatal error:  Uncaught Error: Undefined constant "App\Core\APP_ROOT" in /var/webfeed/html/app/Core/Controller.php:21
Stack trace:
#0 /var/webfeed/html/app/Controllers/AuthController.php(32): App\Core\Controller->view('auth/index', Array)
#1 [internal function]: App\Controllers\AuthController->index()
#2 /var/webfeed/html/app/Core/Router.php(60): call_user_func_array(Array, Array)
#3 /var/webfeed/html/public/index.php(109): App\Core\Router->dispatch('/login', 'GET')
#4 {main}
  thrown in /var/webfeed/html/app/Core/Controller.php on line 21
[08-Jul-2026 11:31:23 UTC] PHP Fatal error:  Uncaught Error: Undefined constant "App\Core\APP_ROOT" in /var/webfeed/html/app/Core/Controller.php:21
Stack trace:
#0 /var/webfeed/html/app/Controllers/AuthController.php(32): App\Core\Controller->view('auth/index', Array)
#1 [internal function]: App\Controllers\AuthController->index()
#2 /var/webfeed/html/app/Core/Router.php(60): call_user_func_array(Array, Array)
#3 /var/webfeed/html/public/index.php(109): App\Core\Router->dispatch('/login', 'GET')
#4 {main}
  thrown in /var/webfeed/html/app/Core/Controller.php on line 21
[08-Jul-2026 11:31:23 UTC] PHP Fatal error:  Uncaught Error: Undefined constant "App\Core\APP_ROOT" in /var/webfeed/html/app/Core/Controller.php:21
Stack trace:
#0 /var/webfeed/html/app/Controllers/AuthController.php(32): App\Core\Controller->view('auth/index', Array)
#1 [internal function]: App\Controllers\AuthController->index()
#2 /var/webfeed/html/app/Core/Router.php(60): call_user_func_array(Array, Array)
#3 /var/webfeed/html/public/index.php(109): App\Core\Router->dispatch('/login', 'GET')
#4 {main}
  thrown in /var/webfeed/html/app/Core/Controller.php on line 21
[08-Jul-2026 11:32:19 UTC] PHP Fatal error:  Uncaught Error: Undefined constant "App\Core\APP_ROOT" in /var/webfeed/html/app/Core/Controller.php:21
Stack trace:
#0 /var/webfeed/html/app/Controllers/AuthController.php(32): App\Core\Controller->view('auth/index', Array)
#1 [internal function]: App\Controllers\AuthController->index()
#2 /var/webfeed/html/app/Core/Router.php(60): call_user_func_array(Array, Array)
#3 /var/webfeed/html/public/index.php(109): App\Core\Router->dispatch('/login', 'GET')
#4 {main}
  thrown in /var/webfeed/html/app/Core/Controller.php on line 21
[08-Jul-2026 11:32:20 UTC] PHP Fatal error:  Uncaught Error: Undefined constant "App\Core\APP_ROOT" in /var/webfeed/html/app/Core/Controller.php:21
Stack trace:
#0 /var/webfeed/html/app/Controllers/AuthController.php(32): App\Core\Controller->view('auth/index', Array)
#1 [internal function]: App\Controllers\AuthController->index()
#2 /var/webfeed/html/app/Core/Router.php(60): call_user_func_array(Array, Array)
#3 /var/webfeed/html/public/index.php(109): App\Core\Router->dispatch('/login', 'GET')
#4 {main}
  thrown in /var/webfeed/html/app/Core/Controller.php on line 21
[08-Jul-2026 11:38:32 UTC] PHP Fatal error:  Uncaught Error: Undefined constant "App\Core\APP_ROOT" in /var/webfeed/html/app/Core/Controller.php:21
Stack trace:
#0 /var/webfeed/html/app/Controllers/AuthController.php(32): App\Core\Controller->view('auth/index', Array)
#1 [internal function]: App\Controllers\AuthController->index()
#2 /var/webfeed/html/app/Core/Router.php(60): call_user_func_array(Array, Array)
#3 /var/webfeed/html/public/index.php(109): App\Core\Router->dispatch('/login', 'GET')
#4 {main}
  thrown in /var/webfeed/html/app/Core/Controller.php on line 21
[08-Jul-2026 11:41:47 UTC] PHP Fatal error:  Uncaught Error: Undefined constant "App\Core\APP_ROOT" in /var/webfeed/html/app/Core/Controller.php:21
Stack trace:
#0 /var/webfeed/html/app/Controllers/AuthController.php(33): App\Core\Controller->view('auth/index', Array)
#1 [internal function]: App\Controllers\AuthController->index()
#2 /var/webfeed/html/app/Core/Router.php(88): call_user_func_array(Array, Array)
#3 /var/webfeed/html/public/index.php(116): App\Core\Router->dispatch('/login', 'GET')
#4 {main}
  thrown in /var/webfeed/html/app/Core/Controller.php on line 21
[08-Jul-2026 11:42:54 UTC] PHP Fatal error:  Uncaught Error: Undefined constant "App\Core\APP_ROOT" in /var/webfeed/html/app/Core/Controller.php:21
Stack trace:
#0 /var/webfeed/html/app/Controllers/AuthController.php(33): App\Core\Controller->view('auth/index', Array)
#1 [internal function]: App\Controllers\AuthController->index()
#2 /var/webfeed/html/app/Core/Router.php(88): call_user_func_array(Array, Array)
#3 /var/webfeed/html/public/index.php(116): App\Core\Router->dispatch('/login', 'GET')
#4 {main}
  thrown in /var/webfeed/html/app/Core/Controller.php on line 21
[08-Jul-2026 11:43:26 UTC] PHP Fatal error:  Uncaught Error: Call to protected method App\Core\Controller::view() from scope App\Core\Router in /var/webfeed/html/app/Core/Router.php:123
Stack trace:
#0 /var/webfeed/html/app/Core/Router.php(42): App\Core\Router->sendNotFound()
#1 /var/webfeed/html/public/index.php(117): App\Core\Router->dispatch('/login', 'HEAD')
#2 {main}
  thrown in /var/webfeed/html/app/Core/Router.php on line 123
[08-Jul-2026 11:43:52 UTC] PHP Fatal error:  Uncaught Error: Call to protected method App\Core\Controller::view() from scope App\Core\Router in /var/webfeed/html/app/Core/Router.php:123
Stack trace:
#0 /var/webfeed/html/app/Core/Router.php(99): App\Core\Router->sendNotFound()
#1 /var/webfeed/html/public/index.php(117): App\Core\Router->dispatch('/.well-known/ap...', 'GET')
#2 {main}
  thrown in /var/webfeed/html/app/Core/Router.php on line 123
[08-Jul-2026 11:44:15 UTC] PHP Fatal error:  Uncaught Error: Call to protected method App\Core\Controller::view() from scope App\Core\Router in /var/webfeed/html/app/Core/Router.php:123
Stack trace:
#0 /var/webfeed/html/app/Core/Router.php(99): App\Core\Router->sendNotFound()
#1 /var/webfeed/html/public/index.php(117): App\Core\Router->dispatch('/.well-known/ap...', 'GET')
#2 {main}
  thrown in /var/webfeed/html/app/Core/Router.php on line 123
[08-Jul-2026 11:52:58 UTC] PHP Fatal error:  Uncaught Error: Call to protected method App\Core\Controller::view() from scope App\Core\Router in /var/webfeed/html/app/Core/Router.php:123
Stack trace:
#0 /var/webfeed/html/app/Core/Router.php(99): App\Core\Router->sendNotFound()
#1 /var/webfeed/html/public/index.php(117): App\Core\Router->dispatch('/.well-known/ap...', 'GET')
#2 {main}
  thrown in /var/webfeed/html/app/Core/Router.php on line 123
[08-Jul-2026 11:53:53 UTC] PHP Fatal error:  Uncaught Error: Call to protected method App\Core\Controller::view() from scope App\Core\Router in /var/webfeed/html/app/Core/Router.php:123
Stack trace:
#0 /var/webfeed/html/app/Core/Router.php(99): App\Core\Router->sendNotFound()
#1 /var/webfeed/html/public/index.php(117): App\Core\Router->dispatch('/.well-known/ap...', 'GET')
#2 {main}
  thrown in /var/webfeed/html/app/Core/Router.php on line 123
[08-Jul-2026 11:53:58 UTC] PHP Fatal error:  Uncaught Error: Call to protected method App\Core\Controller::view() from scope App\Core\Router in /var/webfeed/html/app/Core/Router.php:123
Stack trace:
#0 /var/webfeed/html/app/Core/Router.php(99): App\Core\Router->sendNotFound()
#1 /var/webfeed/html/public/index.php(117): App\Core\Router->dispatch('/.well-known/ap...', 'GET')
#2 {main}
  thrown in /var/webfeed/html/app/Core/Router.php on line 123
[08-Jul-2026 11:54:10 UTC] PHP Fatal error:  Uncaught Error: Call to protected method App\Core\Controller::view() from scope App\Core\Router in /var/webfeed/html/app/Core/Router.php:123
Stack trace:
#0 /var/webfeed/html/app/Core/Router.php(99): App\Core\Router->sendNotFound()
#1 /var/webfeed/html/public/index.php(117): App\Core\Router->dispatch('/.well-known/ap...', 'GET')
#2 {main}
  thrown in /var/webfeed/html/app/Core/Router.php on line 123
[08-Jul-2026 11:54:12 UTC] PHP Fatal error:  Uncaught Error: Call to protected method App\Core\Controller::view() from scope App\Core\Router in /var/webfeed/html/app/Core/Router.php:123
Stack trace:
#0 /var/webfeed/html/app/Core/Router.php(99): App\Core\Router->sendNotFound()
#1 /var/webfeed/html/public/index.php(117): App\Core\Router->dispatch('/.well-known/ap...', 'GET')
#2 {main}
  thrown in /var/webfeed/html/app/Core/Router.php on line 123
[08-Jul-2026 11:54:17 UTC] PHP Fatal error:  Uncaught Error: Call to protected method App\Core\Controller::view() from scope App\Core\Router in /var/webfeed/html/app/Core/Router.php:123
Stack trace:
#0 /var/webfeed/html/app/Core/Router.php(99): App\Core\Router->sendNotFound()
#1 /var/webfeed/html/public/index.php(117): App\Core\Router->dispatch('/.well-known/ap...', 'GET')
#2 {main}
  thrown in /var/webfeed/html/app/Core/Router.php on line 123
[08-Jul-2026 11:54:20 UTC] PHP Fatal error:  Uncaught Error: Call to protected method App\Core\Controller::view() from scope App\Core\Router in /var/webfeed/html/app/Core/Router.php:123
Stack trace:
#0 /var/webfeed/html/app/Core/Router.php(99): App\Core\Router->sendNotFound()
#1 /var/webfeed/html/public/index.php(117): App\Core\Router->dispatch('/.well-known/ap...', 'GET')
#2 {main}
  thrown in /var/webfeed/html/app/Core/Router.php on line 123
[08-Jul-2026 11:54:20 UTC] PHP Fatal error:  Uncaught Error: Call to protected method App\Core\Controller::view() from scope App\Core\Router in /var/webfeed/html/app/Core/Router.php:123
Stack trace:
#0 /var/webfeed/html/app/Core/Router.php(99): App\Core\Router->sendNotFound()
#1 /var/webfeed/html/public/index.php(117): App\Core\Router->dispatch('/.well-known/ap...', 'GET')
#2 {main}
  thrown in /var/webfeed/html/app/Core/Router.php on line 123
[08-Jul-2026 11:54:21 UTC] PHP Fatal error:  Uncaught Error: Call to protected method App\Core\Controller::view() from scope App\Core\Router in /var/webfeed/html/app/Core/Router.php:123
Stack trace:
#0 /var/webfeed/html/app/Core/Router.php(99): App\Core\Router->sendNotFound()
#1 /var/webfeed/html/public/index.php(117): App\Core\Router->dispatch('/.well-known/ap...', 'GET')
#2 {main}
  thrown in /var/webfeed/html/app/Core/Router.php on line 123
[08-Jul-2026 11:54:22 UTC] PHP Fatal error:  Uncaught Error: Call to protected method App\Core\Controller::view() from scope App\Core\Router in /var/webfeed/html/app/Core/Router.php:123
Stack trace:
#0 /var/webfeed/html/app/Core/Router.php(99): App\Core\Router->sendNotFound()
#1 /var/webfeed/html/public/index.php(117): App\Core\Router->dispatch('/.well-known/ap...', 'GET')
#2 {main}
  thrown in /var/webfeed/html/app/Core/Router.php on line 123
[08-Jul-2026 11:54:26 UTC] PHP Fatal error:  Uncaught Error: Call to protected method App\Core\Controller::view() from scope App\Core\Router in /var/webfeed/html/app/Core/Router.php:123
Stack trace:
#0 /var/webfeed/html/app/Core/Router.php(99): App\Core\Router->sendNotFound()
#1 /var/webfeed/html/public/index.php(117): App\Core\Router->dispatch('/.well-known/ap...', 'GET')
#2 {main}
  thrown in /var/webfeed/html/app/Core/Router.php on line 123
[08-Jul-2026 11:54:27 UTC] PHP Fatal error:  Uncaught Error: Call to protected method App\Core\Controller::view() from scope App\Core\Router in /var/webfeed/html/app/Core/Router.php:123
Stack trace:
#0 /var/webfeed/html/app/Core/Router.php(99): App\Core\Router->sendNotFound()
#1 /var/webfeed/html/public/index.php(117): App\Core\Router->dispatch('/.well-known/ap...', 'GET')
#2 {main}
  thrown in /var/webfeed/html/app/Core/Router.php on line 123
[08-Jul-2026 11:54:33 UTC] PHP Fatal error:  Uncaught Error: Call to protected method App\Core\Controller::view() from scope App\Core\Router in /var/webfeed/html/app/Core/Router.php:123
Stack trace:
#0 /var/webfeed/html/app/Core/Router.php(99): App\Core\Router->sendNotFound()
#1 /var/webfeed/html/public/index.php(117): App\Core\Router->dispatch('/.well-known/ap...', 'GET')
#2 {main}
  thrown in /var/webfeed/html/app/Core/Router.php on line 123
[08-Jul-2026 11:54:35 UTC] PHP Fatal error:  Uncaught Error: Call to protected method App\Core\Controller::view() from scope App\Core\Router in /var/webfeed/html/app/Core/Router.php:123
Stack trace:
#0 /var/webfeed/html/app/Core/Router.php(99): App\Core\Router->sendNotFound()
#1 /var/webfeed/html/public/index.php(117): App\Core\Router->dispatch('/.well-known/ap...', 'GET')
#2 {main}
  thrown in /var/webfeed/html/app/Core/Router.php on line 123
[08-Jul-2026 11:55:51 UTC] PHP Fatal error:  Uncaught Error: Call to protected method App\Core\Controller::view() from scope App\Core\Router in /var/webfeed/html/app/Core/Router.php:123
Stack trace:
#0 /var/webfeed/html/app/Core/Router.php(99): App\Core\Router->sendNotFound()
#1 /var/webfeed/html/public/index.php(117): App\Core\Router->dispatch('/.well-known/ap...', 'GET')
#2 {main}
  thrown in /var/webfeed/html/app/Core/Router.php on line 123
[08-Jul-2026 11:55:59 UTC] PHP Fatal error:  Uncaught Error: Call to protected method App\Core\Controller::view() from scope App\Core\Router in /var/webfeed/html/app/Core/Router.php:123
Stack trace:
#0 /var/webfeed/html/app/Core/Router.php(99): App\Core\Router->sendNotFound()
#1 /var/webfeed/html/public/index.php(117): App\Core\Router->dispatch('/.well-known/ap...', 'GET')
#2 {main}
  thrown in /var/webfeed/html/app/Core/Router.php on line 123
[08-Jul-2026 12:10:49 UTC] PHP Fatal error:  Uncaught Error: Call to protected method App\Core\Controller::view() from scope App\Core\Router in /var/webfeed/html/app/Core/Router.php:123
Stack trace:
#0 /var/webfeed/html/app/Core/Router.php(99): App\Core\Router->sendNotFound()
#1 /var/webfeed/html/public/index.php(117): App\Core\Router->dispatch('/quiz/review/8', 'GET')
#2 {main}
  thrown in /var/webfeed/html/app/Core/Router.php on line 123
[08-Jul-2026 12:11:07 UTC] PHP Fatal error:  Uncaught Error: Call to protected method App\Core\Controller::view() from scope App\Core\Router in /var/webfeed/html/app/Core/Router.php:123
Stack trace:
#0 /var/webfeed/html/app/Core/Router.php(99): App\Core\Router->sendNotFound()
#1 /var/webfeed/html/public/index.php(117): App\Core\Router->dispatch('/quiz/review/8', 'GET')
#2 {main}
  thrown in /var/webfeed/html/app/Core/Router.php on line 123
[08-Jul-2026 12:12:08 UTC] PHP Fatal error:  Uncaught Error: Call to protected method App\Core\Controller::view() from scope App\Core\Router in /var/webfeed/html/app/Core/Router.php:123
Stack trace:
#0 /var/webfeed/html/app/Core/Router.php(99): App\Core\Router->sendNotFound()
#1 /var/webfeed/html/public/index.php(117): App\Core\Router->dispatch('/quiz/review/8', 'GET')
#2 {main}
  thrown in /var/webfeed/html/app/Core/Router.php on line 123
[08-Jul-2026 12:12:09 UTC] PHP Fatal error:  Uncaught Error: Call to protected method App\Core\Controller::view() from scope App\Core\Router in /var/webfeed/html/app/Core/Router.php:123
Stack trace:
#0 /var/webfeed/html/app/Core/Router.php(99): App\Core\Router->sendNotFound()
#1 /var/webfeed/html/public/index.php(117): App\Core\Router->dispatch('/quiz/review/8', 'GET')
#2 {main}
  thrown in /var/webfeed/html/app/Core/Router.php on line 123
[08-Jul-2026 12:12:21 UTC] PHP Fatal error:  Uncaught Error: Call to protected method App\Core\Controller::view() from scope App\Core\Router in /var/webfeed/html/app/Core/Router.php:123
Stack trace:
#0 /var/webfeed/html/app/Core/Router.php(99): App\Core\Router->sendNotFound()
#1 /var/webfeed/html/public/index.php(117): App\Core\Router->dispatch('/quiz/review/8', 'GET')
#2 {main}
  thrown in /var/webfeed/html/app/Core/Router.php on line 123
[08-Jul-2026 12:14:47 UTC] PHP Fatal error:  Uncaught Error: Unknown named parameter $id in /var/webfeed/html/app/Core/Router.php:88
Stack trace:
#0 /var/webfeed/html/app/Core/Router.php(88): call_user_func_array(Array, Array)
#1 /var/webfeed/html/public/index.php(118): App\Core\Router->dispatch('/quiz/review/8', 'GET')
#2 {main}
  thrown in /var/webfeed/html/app/Core/Router.php on line 88
[08-Jul-2026 12:14:59 UTC] PHP Fatal error:  Uncaught Error: Unknown named parameter $id in /var/webfeed/html/app/Core/Router.php:88
Stack trace:
#0 /var/webfeed/html/app/Core/Router.php(88): call_user_func_array(Array, Array)
#1 /var/webfeed/html/public/index.php(118): App\Core\Router->dispatch('/quiz/review/8', 'GET')
#2 {main}
  thrown in /var/webfeed/html/app/Core/Router.php on line 88
[08-Jul-2026 13:12:11 UTC] PHP Warning:  Undefined variable $durationSeconds in /var/webfeed/html/app/Views/quiz/play.php on line 228
[08-Jul-2026 13:12:14 UTC] PHP Warning:  Undefined variable $durationSeconds in /var/webfeed/html/app/Views/quiz/play.php on line 228
[08-Jul-2026 13:12:17 UTC] PHP Warning:  Undefined variable $durationSeconds in /var/webfeed/html/app/Views/quiz/play.php on line 228
[08-Jul-2026 13:12:19 UTC] PHP Warning:  Undefined variable $durationSeconds in /var/webfeed/html/app/Views/quiz/play.php on line 228
[08-Jul-2026 13:12:24 UTC] PHP Warning:  Undefined variable $durationSeconds in /var/webfeed/html/app/Views/quiz/play.php on line 228
[08-Jul-2026 13:12:30 UTC] PHP Warning:  Undefined variable $durationSeconds in /var/webfeed/html/app/Views/quiz/play.php on line 228
[08-Jul-2026 13:12:44 UTC] PHP Warning:  Undefined variable $durationSeconds in /var/webfeed/html/app/Views/quiz/play.php on line 228
[08-Jul-2026 13:12:48 UTC] PHP Warning:  Undefined variable $durationSeconds in /var/webfeed/html/app/Views/quiz/play.php on line 228
[08-Jul-2026 13:13:00 UTC] PHP Warning:  Undefined variable $durationSeconds in /var/webfeed/html/app/Views/quiz/play.php on line 228
[08-Jul-2026 13:13:22 UTC] PHP Warning:  Undefined variable $durationSeconds in /var/webfeed/html/app/Views/quiz/play.php on line 228
[08-Jul-2026 13:15:46 UTC] PHP Warning:  Undefined variable $durationSeconds in /var/webfeed/html/app/Views/quiz/play.php on line 228
[08-Jul-2026 13:15:52 UTC] PHP Warning:  Undefined variable $durationSeconds in /var/webfeed/html/app/Views/quiz/play.php on line 228
[08-Jul-2026 13:16:37 UTC] PHP Warning:  Undefined variable $durationSeconds in /var/webfeed/html/app/Views/quiz/play.php on line 228
[08-Jul-2026 13:34:47 UTC] PHP Warning:  Undefined variable $durationSeconds in /var/webfeed/html/app/Views/quiz/play.php on line 228
[08-Jul-2026 13:35:02 UTC] PHP Warning:  Undefined array key "score" in /var/webfeed/html/app/Views/quiz/index.php on line 109
[08-Jul-2026 13:35:02 UTC] PHP Warning:  Undefined array key "score" in /var/webfeed/html/app/Views/quiz/index.php on line 109
[08-Jul-2026 13:35:02 UTC] PHP Warning:  Undefined array key "score" in /var/webfeed/html/app/Views/quiz/index.php on line 109
[08-Jul-2026 13:35:07 UTC] PHP Warning:  Undefined array key "score" in /var/webfeed/html/app/Views/quiz/index.php on line 109
[08-Jul-2026 13:35:07 UTC] PHP Warning:  Undefined array key "score" in /var/webfeed/html/app/Views/quiz/index.php on line 109
[08-Jul-2026 13:35:07 UTC] PHP Warning:  Undefined array key "score" in /var/webfeed/html/app/Views/quiz/index.php on line 109
[08-Jul-2026 13:35:09 UTC] PHP Warning:  Undefined array key "score" in /var/webfeed/html/app/Views/quiz/index.php on line 109
[08-Jul-2026 13:35:09 UTC] PHP Warning:  Undefined array key "score" in /var/webfeed/html/app/Views/quiz/index.php on line 109
[08-Jul-2026 13:35:09 UTC] PHP Warning:  Undefined array key "score" in /var/webfeed/html/app/Views/quiz/index.php on line 109
[08-Jul-2026 13:35:45 UTC] PHP Warning:  Undefined array key "score" in /var/webfeed/html/app/Views/quiz/index.php on line 109
[08-Jul-2026 13:35:45 UTC] PHP Warning:  Undefined array key "score" in /var/webfeed/html/app/Views/quiz/index.php on line 109
[08-Jul-2026 13:35:45 UTC] PHP Warning:  Undefined array key "score" in /var/webfeed/html/app/Views/quiz/index.php on line 109
[08-Jul-2026 13:37:32 UTC] PHP Warning:  Undefined array key "score" in /var/webfeed/html/app/Views/quiz/index.php on line 109
[08-Jul-2026 13:37:32 UTC] PHP Warning:  Undefined array key "score" in /var/webfeed/html/app/Views/quiz/index.php on line 109
[08-Jul-2026 13:37:32 UTC] PHP Warning:  Undefined array key "score" in /var/webfeed/html/app/Views/quiz/index.php on line 109
[08-Jul-2026 13:38:51 UTC] PHP Warning:  Undefined array key "score" in /var/webfeed/html/app/Views/quiz/index.php on line 109
[08-Jul-2026 13:38:51 UTC] PHP Warning:  Undefined array key "score" in /var/webfeed/html/app/Views/quiz/index.php on line 109
[08-Jul-2026 13:38:51 UTC] PHP Warning:  Undefined array key "score" in /var/webfeed/html/app/Views/quiz/index.php on line 109
[08-Jul-2026 13:38:54 UTC] PHP Warning:  Undefined variable $durationSeconds in /var/webfeed/html/app/Views/quiz/play.php on line 228
[08-Jul-2026 13:39:00 UTC] PHP Warning:  Undefined array key "score" in /var/webfeed/html/app/Views/quiz/index.php on line 109
[08-Jul-2026 13:39:00 UTC] PHP Warning:  Undefined array key "score" in /var/webfeed/html/app/Views/quiz/index.php on line 109
[08-Jul-2026 13:39:00 UTC] PHP Warning:  Undefined array key "score" in /var/webfeed/html/app/Views/quiz/index.php on line 109
[08-Jul-2026 14:01:11 UTC] PHP Warning:  mkdir(): Permission denied in /var/webfeed/html/app/Controllers/AdminController.php on line 115
[08-Jul-2026 14:01:11 UTC] PHP Warning:  file_put_contents(/var/webfeed/html/public/uploads/questions/qimg_6a4e582719d38.png): Failed to open stream: No such file or directory in /var/webfeed/html/app/Controllers/AdminController.php on line 117
[08-Jul-2026 14:01:23 UTC] PHP Warning:  Undefined variable $durationSeconds in /var/webfeed/html/app/Views/quiz/play.php on line 228
[08-Jul-2026 14:03:49 UTC] PHP Warning:  Undefined variable $durationSeconds in /var/webfeed/html/app/Views/quiz/play.php on line 228
[08-Jul-2026 14:03:53 UTC] PHP Warning:  Undefined variable $durationSeconds in /var/webfeed/html/app/Views/quiz/play.php on line 228
[08-Jul-2026 14:04:29 UTC] PHP Warning:  mkdir(): Permission denied in /var/webfeed/html/app/Controllers/AdminController.php on line 115
[08-Jul-2026 14:04:29 UTC] PHP Warning:  file_put_contents(/var/webfeed/html/public/uploads/questions/qimg_6a4e58ed904ce.png): Failed to open stream: No such file or directory in /var/webfeed/html/app/Controllers/AdminController.php on line 117
[08-Jul-2026 14:04:41 UTC] PHP Warning:  Undefined variable $durationSeconds in /var/webfeed/html/app/Views/quiz/play.php on line 228
[08-Jul-2026 14:05:49 UTC] PHP Warning:  Undefined variable $durationSeconds in /var/webfeed/html/app/Views/quiz/play.php on line 228
[08-Jul-2026 14:06:14 UTC] PHP Warning:  Undefined variable $durationSeconds in /var/webfeed/html/app/Views/quiz/play.php on line 228
[08-Jul-2026 14:06:15 UTC] PHP Warning:  Undefined variable $durationSeconds in /var/webfeed/html/app/Views/quiz/play.php on line 228
[08-Jul-2026 14:06:16 UTC] PHP Warning:  Undefined variable $durationSeconds in /var/webfeed/html/app/Views/quiz/play.php on line 228
[08-Jul-2026 14:06:16 UTC] PHP Warning:  Undefined variable $durationSeconds in /var/webfeed/html/app/Views/quiz/play.php on line 228
[08-Jul-2026 14:06:16 UTC] PHP Warning:  Undefined variable $durationSeconds in /var/webfeed/html/app/Views/quiz/play.php on line 228
[08-Jul-2026 14:06:16 UTC] PHP Warning:  Undefined variable $durationSeconds in /var/webfeed/html/app/Views/quiz/play.php on line 228
[08-Jul-2026 14:06:16 UTC] PHP Warning:  Undefined variable $durationSeconds in /var/webfeed/html/app/Views/quiz/play.php on line 228
[08-Jul-2026 14:06:16 UTC] PHP Warning:  Undefined variable $durationSeconds in /var/webfeed/html/app/Views/quiz/play.php on line 228
[08-Jul-2026 14:06:17 UTC] PHP Warning:  Undefined variable $durationSeconds in /var/webfeed/html/app/Views/quiz/play.php on line 228
[08-Jul-2026 14:06:17 UTC] PHP Warning:  Undefined variable $durationSeconds in /var/webfeed/html/app/Views/quiz/play.php on line 228
[08-Jul-2026 14:06:24 UTC] PHP Warning:  Undefined variable $durationSeconds in /var/webfeed/html/app/Views/quiz/play.php on line 228
[08-Jul-2026 14:06:24 UTC] PHP Warning:  Undefined variable $durationSeconds in /var/webfeed/html/app/Views/quiz/play.php on line 228
[08-Jul-2026 14:06:24 UTC] PHP Warning:  Undefined variable $durationSeconds in /var/webfeed/html/app/Views/quiz/play.php on line 228
[08-Jul-2026 14:06:25 UTC] PHP Warning:  Undefined variable $durationSeconds in /var/webfeed/html/app/Views/quiz/play.php on line 228
[08-Jul-2026 14:06:25 UTC] PHP Warning:  Undefined variable $durationSeconds in /var/webfeed/html/app/Views/quiz/play.php on line 228
[08-Jul-2026 14:06:25 UTC] PHP Warning:  Undefined variable $durationSeconds in /var/webfeed/html/app/Views/quiz/play.php on line 228
[08-Jul-2026 14:06:25 UTC] PHP Warning:  Undefined variable $durationSeconds in /var/webfeed/html/app/Views/quiz/play.php on line 228
[08-Jul-2026 14:06:25 UTC] PHP Warning:  Undefined variable $durationSeconds in /var/webfeed/html/app/Views/quiz/play.php on line 228
[08-Jul-2026 14:06:25 UTC] PHP Warning:  Undefined variable $durationSeconds in /var/webfeed/html/app/Views/quiz/play.php on line 228
[08-Jul-2026 14:06:25 UTC] PHP Warning:  Undefined variable $durationSeconds in /var/webfeed/html/app/Views/quiz/play.php on line 228
[08-Jul-2026 14:06:26 UTC] PHP Warning:  Undefined variable $durationSeconds in /var/webfeed/html/app/Views/quiz/play.php on line 228
[08-Jul-2026 14:06:26 UTC] PHP Warning:  Undefined variable $durationSeconds in /var/webfeed/html/app/Views/quiz/play.php on line 228
[08-Jul-2026 14:06:26 UTC] PHP Warning:  Undefined variable $durationSeconds in /var/webfeed/html/app/Views/quiz/play.php on line 228
[08-Jul-2026 14:06:26 UTC] PHP Warning:  Undefined variable $durationSeconds in /var/webfeed/html/app/Views/quiz/play.php on line 228
[08-Jul-2026 14:06:31 UTC] PHP Warning:  Undefined variable $durationSeconds in /var/webfeed/html/app/Views/quiz/play.php on line 228
[08-Jul-2026 14:07:06 UTC] PHP Warning:  mkdir(): Permission denied in /var/webfeed/html/app/Controllers/AdminController.php on line 115
[08-Jul-2026 14:07:06 UTC] PHP Warning:  file_put_contents(/var/webfeed/html/public/uploads/questions/qimg_6a4e598a35d31.png): Failed to open stream: No such file or directory in /var/webfeed/html/app/Controllers/AdminController.php on line 117
[08-Jul-2026 14:07:21 UTC] PHP Warning:  Undefined variable $durationSeconds in /var/webfeed/html/app/Views/quiz/play.php on line 228
[08-Jul-2026 14:08:02 UTC] PHP Warning:  Undefined variable $durationSeconds in /var/webfeed/html/app/Views/quiz/play.php on line 228
[08-Jul-2026 14:08:46 UTC] PHP Warning:  Undefined variable $durationSeconds in /var/webfeed/html/app/Views/quiz/play.php on line 228
[08-Jul-2026 14:10:52 UTC] PHP Warning:  Undefined variable $durationSeconds in /var/webfeed/html/app/Views/quiz/play.php on line 228
[08-Jul-2026 14:11:19 UTC] PHP Warning:  mkdir(): Permission denied in /var/webfeed/html/app/Controllers/AdminController.php on line 125
[08-Jul-2026 14:11:19 UTC] PHP Warning:  file_put_contents(/var/webfeed/html/public/uploads/questions/qimg_6a4e5a878f97d.png): Failed to open stream: No such file or directory in /var/webfeed/html/app/Controllers/AdminController.php on line 129
[08-Jul-2026 14:11:19 UTC] PHP Warning:  file_put_contents(/var/webfeed/html/public/debug.txt): Failed to open stream: Permission denied in /var/webfeed/html/app/Controllers/AdminController.php on line 135
[08-Jul-2026 14:11:32 UTC] PHP Warning:  Undefined variable $durationSeconds in /var/webfeed/html/app/Views/quiz/play.php on line 228
[08-Jul-2026 14:11:35 UTC] PHP Warning:  Undefined variable $durationSeconds in /var/webfeed/html/app/Views/quiz/play.php on line 228
[08-Jul-2026 14:12:27 UTC] PHP Warning:  Undefined variable $durationSeconds in /var/webfeed/html/app/Views/quiz/play.php on line 228
[08-Jul-2026 14:12:37 UTC] PHP Warning:  Undefined variable $durationSeconds in /var/webfeed/html/app/Views/quiz/play.php on line 228
[08-Jul-2026 14:12:43 UTC] PHP Warning:  Undefined variable $durationSeconds in /var/webfeed/html/app/Views/quiz/play.php on line 228
[08-Jul-2026 14:12:48 UTC] PHP Warning:  Undefined variable $durationSeconds in /var/webfeed/html/app/Views/quiz/play.php on line 228
[08-Jul-2026 14:12:51 UTC] PHP Warning:  Undefined variable $durationSeconds in /var/webfeed/html/app/Views/quiz/play.php on line 228
[08-Jul-2026 14:12:53 UTC] PHP Warning:  Undefined variable $durationSeconds in /var/webfeed/html/app/Views/quiz/play.php on line 228
[08-Jul-2026 14:12:58 UTC] PHP Warning:  Undefined variable $durationSeconds in /var/webfeed/html/app/Views/quiz/play.php on line 228
[08-Jul-2026 14:13:02 UTC] PHP Warning:  Undefined variable $durationSeconds in /var/webfeed/html/app/Views/quiz/play.php on line 228
[08-Jul-2026 14:13:11 UTC] PHP Warning:  Undefined variable $durationSeconds in /var/webfeed/html/app/Views/quiz/play.php on line 228
[08-Jul-2026 14:14:27 UTC] PHP Warning:  Undefined variable $durationSeconds in /var/webfeed/html/app/Views/quiz/play.php on line 228
[08-Jul-2026 14:15:59 UTC] PHP Warning:  Undefined array key "score" in /var/webfeed/html/app/Views/quiz/index.php on line 109
[08-Jul-2026 14:15:59 UTC] PHP Warning:  Undefined array key "score" in /var/webfeed/html/app/Views/quiz/index.php on line 109
[08-Jul-2026 14:15:59 UTC] PHP Warning:  Undefined array key "score" in /var/webfeed/html/app/Views/quiz/index.php on line 109
[09-Jul-2026 00:16:04 UTC] PHP Fatal error:  Uncaught Error: Call to undefined method App\Controllers\AuthController::jsonResponse() in /var/webfeed/html/app/Controllers/AuthController.php:58
Stack trace:
#0 [internal function]: App\Controllers\AuthController->apiLogin()
#1 /var/webfeed/html/app/Core/Router.php(88): call_user_func_array(Array, Array)
#2 /var/webfeed/html/public/index.php(120): App\Core\Router->dispatch('/api/login', 'POST')
#3 {main}
  thrown in /var/webfeed/html/app/Controllers/AuthController.php on line 58
[10-Jul-2026 06:55:52 UTC] PHP Fatal error:  Uncaught PDOException: SQLSTATE[42S02]: Base table or view not found: 1146 Table 'db_mikrotik_quiz.quizzes' doesn't exist in /var/webfeed/html/app/Controllers/AdminController.php:32
Stack trace:
#0 /var/webfeed/html/app/Controllers/AdminController.php(32): PDO->query('SELECT * FROM q...')
#1 [internal function]: App\Controllers\AdminController->index()
#2 /var/webfeed/html/app/Core/Router.php(88): call_user_func_array(Array, Array)
#3 /var/webfeed/html/public/index.php(120): App\Core\Router->dispatch('/admin', 'GET')
#4 {main}
  thrown in /var/webfeed/html/app/Controllers/AdminController.php on line 32
[10-Jul-2026 13:48:40 UTC] PHP Warning:  Undefined variable $durationSeconds in /var/webfeed/html/app/Views/quiz/play.php on line 283
[10-Jul-2026 13:48:55 UTC] PHP Warning:  Undefined variable $durationSeconds in /var/webfeed/html/app/Views/quiz/play.php on line 283
[10-Jul-2026 13:49:50 UTC] PHP Warning:  Undefined variable $durationSeconds in /var/webfeed/html/app/Views/quiz/play.php on line 283
[10-Jul-2026 13:50:03 UTC] PHP Warning:  Undefined variable $durationSeconds in /var/webfeed/html/app/Views/quiz/play.php on line 283
[10-Jul-2026 13:50:09 UTC] PHP Warning:  Undefined variable $durationSeconds in /var/webfeed/html/app/Views/quiz/play.php on line 283
[10-Jul-2026 13:50:13 UTC] PHP Warning:  Undefined variable $durationSeconds in /var/webfeed/html/app/Views/quiz/play.php on line 283
[10-Jul-2026 13:50:18 UTC] PHP Warning:  Undefined variable $durationSeconds in /var/webfeed/html/app/Views/quiz/play.php on line 283
[10-Jul-2026 13:50:21 UTC] PHP Warning:  Undefined variable $durationSeconds in /var/webfeed/html/app/Views/quiz/play.php on line 283
[10-Jul-2026 13:50:27 UTC] PHP Warning:  Undefined variable $durationSeconds in /var/webfeed/html/app/Views/quiz/play.php on line 283
[10-Jul-2026 13:53:43 UTC] PHP Warning:  Undefined variable $durationSeconds in /var/webfeed/html/app/Views/quiz/play.php on line 283
[10-Jul-2026 13:55:25 UTC] PHP Warning:  Undefined variable $durationSeconds in /var/webfeed/html/app/Views/quiz/play.php on line 283
[10-Jul-2026 13:55:30 UTC] PHP Warning:  Undefined variable $durationSeconds in /var/webfeed/html/app/Views/quiz/play.php on line 283
[10-Jul-2026 13:55:36 UTC] PHP Warning:  Undefined variable $durationSeconds in /var/webfeed/html/app/Views/quiz/play.php on line 283
[10-Jul-2026 13:56:33 UTC] PHP Warning:  Undefined variable $durationSeconds in /var/webfeed/html/app/Views/quiz/play.php on line 283
[10-Jul-2026 13:56:45 UTC] PHP Warning:  Undefined variable $durationSeconds in /var/webfeed/html/app/Views/quiz/play.php on line 283
[10-Jul-2026 13:56:46 UTC] PHP Warning:  Undefined variable $durationSeconds in /var/webfeed/html/app/Views/quiz/play.php on line 283
[10-Jul-2026 13:56:47 UTC] PHP Warning:  Undefined variable $durationSeconds in /var/webfeed/html/app/Views/quiz/play.php on line 283
[10-Jul-2026 13:56:47 UTC] PHP Warning:  Undefined variable $durationSeconds in /var/webfeed/html/app/Views/quiz/play.php on line 283
[10-Jul-2026 13:56:48 UTC] PHP Warning:  Undefined variable $durationSeconds in /var/webfeed/html/app/Views/quiz/play.php on line 283
[10-Jul-2026 13:57:48 UTC] PHP Warning:  Undefined variable $durationSeconds in /var/webfeed/html/app/Views/quiz/play.php on line 288
[10-Jul-2026 13:58:27 UTC] PHP Warning:  Undefined variable $durationSeconds in /var/webfeed/html/app/Views/quiz/play.php on line 288
[10-Jul-2026 13:58:48 UTC] PHP Warning:  Undefined variable $durationSeconds in /var/webfeed/html/app/Views/quiz/play.php on line 288
[11-Jul-2026 06:30:51 UTC] PHP Warning:  Undefined variable $durationSeconds in /var/webfeed/html/app/Views/quiz/play.php on line 288
[11-Jul-2026 06:31:01 UTC] PHP Warning:  Undefined variable $durationSeconds in /var/webfeed/html/app/Views/quiz/play.php on line 288
[11-Jul-2026 06:31:07 UTC] PHP Warning:  Undefined variable $durationSeconds in /var/webfeed/html/app/Views/quiz/play.php on line 288
[11-Jul-2026 06:31:13 UTC] PHP Warning:  Undefined variable $durationSeconds in /var/webfeed/html/app/Views/quiz/play.php on line 288
[11-Jul-2026 06:32:37 UTC] PHP Warning:  Undefined variable $durationSeconds in /var/webfeed/html/app/Views/quiz/play.php on line 288
[11-Jul-2026 06:32:51 UTC] PHP Warning:  Undefined variable $durationSeconds in /var/webfeed/html/app/Views/quiz/play.php on line 288
[11-Jul-2026 06:32:57 UTC] PHP Warning:  Undefined variable $durationSeconds in /var/webfeed/html/app/Views/quiz/play.php on line 288
[11-Jul-2026 06:33:09 UTC] PHP Warning:  Undefined variable $durationSeconds in /var/webfeed/html/app/Views/quiz/play.php on line 288
[11-Jul-2026 06:33:16 UTC] PHP Warning:  Undefined variable $durationSeconds in /var/webfeed/html/app/Views/quiz/play.php on line 288
[11-Jul-2026 06:35:30 UTC] PHP Warning:  Undefined variable $durationSeconds in /var/webfeed/html/app/Views/quiz/play.php on line 288
[11-Jul-2026 06:35:38 UTC] PHP Warning:  Undefined variable $durationSeconds in /var/webfeed/html/app/Views/quiz/play.php on line 288
[11-Jul-2026 06:36:29 UTC] PHP Warning:  Undefined variable $durationSeconds in /var/webfeed/html/app/Views/quiz/play.php on line 288
[11-Jul-2026 06:36:36 UTC] PHP Warning:  Undefined variable $durationSeconds in /var/webfeed/html/app/Views/quiz/play.php on line 288
[11-Jul-2026 06:37:48 UTC] PHP Warning:  Undefined variable $durationSeconds in /var/webfeed/html/app/Views/quiz/play.php on line 288
[11-Jul-2026 06:37:58 UTC] PHP Warning:  Undefined variable $durationSeconds in /var/webfeed/html/app/Views/quiz/play.php on line 288
[11-Jul-2026 06:38:37 UTC] PHP Warning:  Undefined variable $durationSeconds in /var/webfeed/html/app/Views/quiz/play.php on line 288
[11-Jul-2026 06:38:42 UTC] PHP Warning:  Undefined variable $durationSeconds in /var/webfeed/html/app/Views/quiz/play.php on line 288
[11-Jul-2026 06:39:36 UTC] PHP Warning:  Undefined variable $durationSeconds in /var/webfeed/html/app/Views/quiz/play.php on line 288
[11-Jul-2026 06:39:43 UTC] PHP Warning:  Undefined variable $durationSeconds in /var/webfeed/html/app/Views/quiz/play.php on line 288
[11-Jul-2026 06:40:56 UTC] PHP Warning:  Undefined variable $durationSeconds in /var/webfeed/html/app/Views/quiz/play.php on line 288
[11-Jul-2026 06:41:36 UTC] PHP Warning:  Undefined variable $durationSeconds in /var/webfeed/html/app/Views/quiz/play.php on line 288
[11-Jul-2026 06:42:10 UTC] PHP Warning:  Undefined variable $durationSeconds in /var/webfeed/html/app/Views/quiz/play.php on line 288
[11-Jul-2026 06:42:40 UTC] PHP Warning:  Undefined variable $durationSeconds in /var/webfeed/html/app/Views/quiz/play.php on line 288
[11-Jul-2026 06:42:43 UTC] PHP Warning:  Undefined variable $durationSeconds in /var/webfeed/html/app/Views/quiz/play.php on line 288
[11-Jul-2026 06:42:51 UTC] PHP Warning:  Undefined variable $durationSeconds in /var/webfeed/html/app/Views/quiz/play.php on line 288
[11-Jul-2026 06:42:59 UTC] PHP Warning:  Undefined variable $durationSeconds in /var/webfeed/html/app/Views/quiz/play.php on line 288
[11-Jul-2026 06:44:13 UTC] PHP Warning:  Undefined variable $durationSeconds in /var/webfeed/html/app/Views/quiz/play.php on line 288
[11-Jul-2026 06:44:21 UTC] PHP Warning:  Undefined variable $durationSeconds in /var/webfeed/html/app/Views/quiz/play.php on line 288
[11-Jul-2026 06:44:47 UTC] PHP Warning:  Undefined variable $durationSeconds in /var/webfeed/html/app/Views/quiz/play.php on line 288
[11-Jul-2026 06:44:51 UTC] PHP Warning:  Undefined variable $durationSeconds in /var/webfeed/html/app/Views/quiz/play.php on line 288
[11-Jul-2026 06:45:33 UTC] PHP Warning:  Undefined variable $durationSeconds in /var/webfeed/html/app/Views/quiz/play.php on line 288
[11-Jul-2026 06:45:40 UTC] PHP Warning:  Undefined variable $durationSeconds in /var/webfeed/html/app/Views/quiz/play.php on line 288
[11-Jul-2026 06:45:51 UTC] PHP Warning:  Undefined variable $durationSeconds in /var/webfeed/html/app/Views/quiz/play.php on line 288
[11-Jul-2026 06:45:54 UTC] PHP Warning:  Undefined variable $durationSeconds in /var/webfeed/html/app/Views/quiz/play.php on line 288
[11-Jul-2026 06:46:53 UTC] PHP Warning:  Undefined variable $durationSeconds in /var/webfeed/html/app/Views/quiz/play.php on line 288
[11-Jul-2026 06:48:46 UTC] PHP Warning:  Undefined variable $durationSeconds in /var/webfeed/html/app/Views/quiz/play.php on line 288
[11-Jul-2026 06:49:38 UTC] PHP Warning:  Undefined variable $durationSeconds in /var/webfeed/html/app/Views/quiz/play.php on line 288
[11-Jul-2026 06:49:54 UTC] PHP Warning:  Undefined variable $durationSeconds in /var/webfeed/html/app/Views/quiz/play.php on line 288
[11-Jul-2026 06:50:38 UTC] PHP Warning:  Undefined variable $durationSeconds in /var/webfeed/html/app/Views/quiz/play.php on line 288
[11-Jul-2026 06:50:41 UTC] PHP Warning:  Undefined variable $durationSeconds in /var/webfeed/html/app/Views/quiz/play.php on line 288
[11-Jul-2026 06:50:46 UTC] PHP Warning:  Undefined variable $durationSeconds in /var/webfeed/html/app/Views/quiz/play.php on line 288
[11-Jul-2026 06:51:24 UTC] PHP Warning:  Undefined variable $durationSeconds in /var/webfeed/html/app/Views/quiz/play.php on line 288
[11-Jul-2026 06:51:38 UTC] PHP Warning:  Undefined variable $durationSeconds in /var/webfeed/html/app/Views/quiz/play.php on line 288
[11-Jul-2026 06:52:06 UTC] PHP Warning:  Undefined variable $durationSeconds in /var/webfeed/html/app/Views/quiz/play.php on line 288
[11-Jul-2026 06:52:44 UTC] PHP Warning:  Undefined variable $durationSeconds in /var/webfeed/html/app/Views/quiz/play.php on line 288
[11-Jul-2026 06:52:57 UTC] PHP Warning:  Undefined variable $durationSeconds in /var/webfeed/html/app/Views/quiz/play.php on line 288
[11-Jul-2026 08:04:06 UTC] PHP Warning:  Undefined variable $durationSeconds in /var/webfeed/html/app/Views/quiz/play.php on line 288
[11-Jul-2026 08:04:11 UTC] PHP Warning:  Undefined variable $durationSeconds in /var/webfeed/html/app/Views/quiz/play.php on line 288
[11-Jul-2026 08:15:00 UTC] PHP Warning:  Undefined variable $durationSeconds in /var/webfeed/html/app/Views/quiz/play.php on line 288
[11-Jul-2026 08:15:30 UTC] PHP Warning:  Undefined variable $durationSeconds in /var/webfeed/html/app/Views/quiz/play.php on line 288
[11-Jul-2026 08:17:05 UTC] PHP Warning:  Undefined variable $durationSeconds in /var/webfeed/html/app/Views/quiz/play.php on line 288
[11-Jul-2026 08:17:29 UTC] PHP Warning:  Undefined variable $durationSeconds in /var/webfeed/html/app/Views/quiz/play.php on line 288
[11-Jul-2026 08:18:00 UTC] PHP Warning:  Undefined variable $durationSeconds in /var/webfeed/html/app/Views/quiz/play.php on line 288
[11-Jul-2026 08:18:19 UTC] PHP Warning:  Undefined variable $durationSeconds in /var/webfeed/html/app/Views/quiz/play.php on line 293
[11-Jul-2026 08:18:40 UTC] PHP Warning:  Undefined variable $durationSeconds in /var/webfeed/html/app/Views/quiz/play.php on line 293
[11-Jul-2026 08:19:59 UTC] PHP Warning:  Undefined variable $durationSeconds in /var/webfeed/html/app/Views/quiz/play.php on line 293
[11-Jul-2026 08:20:10 UTC] PHP Warning:  Undefined variable $durationSeconds in /var/webfeed/html/app/Views/quiz/play.php on line 293
[11-Jul-2026 08:21:33 UTC] PHP Warning:  Undefined variable $durationSeconds in /var/webfeed/html/app/Views/quiz/play.php on line 293
[11-Jul-2026 08:21:47 UTC] PHP Warning:  Undefined variable $durationSeconds in /var/webfeed/html/app/Views/quiz/play.php on line 293
[11-Jul-2026 08:26:24 UTC] Database Connection Error: SQLSTATE[HY000] [2002] Connection refused
[11-Jul-2026 08:27:12 UTC] PHP Warning:  Undefined variable $durationSeconds in /var/webfeed/html/app/Views/quiz/play.php on line 293
[11-Jul-2026 08:27:19 UTC] PHP Warning:  Undefined variable $durationSeconds in /var/webfeed/html/app/Views/quiz/play.php on line 293
[11-Jul-2026 08:27:22 UTC] PHP Warning:  Undefined variable $durationSeconds in /var/webfeed/html/app/Views/quiz/play.php on line 293
[11-Jul-2026 08:27:24 UTC] PHP Warning:  Undefined variable $durationSeconds in /var/webfeed/html/app/Views/quiz/play.php on line 293
[11-Jul-2026 08:27:26 UTC] PHP Warning:  Undefined variable $durationSeconds in /var/webfeed/html/app/Views/quiz/play.php on line 293
[11-Jul-2026 08:27:27 UTC] PHP Warning:  Undefined variable $durationSeconds in /var/webfeed/html/app/Views/quiz/play.php on line 293
[11-Jul-2026 08:27:28 UTC] PHP Warning:  Undefined variable $durationSeconds in /var/webfeed/html/app/Views/quiz/play.php on line 293
[11-Jul-2026 08:27:29 UTC] PHP Warning:  Undefined variable $durationSeconds in /var/webfeed/html/app/Views/quiz/play.php on line 293
[11-Jul-2026 08:27:30 UTC] PHP Warning:  Undefined variable $durationSeconds in /var/webfeed/html/app/Views/quiz/play.php on line 293
[11-Jul-2026 08:27:30 UTC] PHP Warning:  Undefined variable $durationSeconds in /var/webfeed/html/app/Views/quiz/play.php on line 293
[11-Jul-2026 08:27:31 UTC] PHP Warning:  Undefined variable $durationSeconds in /var/webfeed/html/app/Views/quiz/play.php on line 293
[11-Jul-2026 08:28:15 UTC] PHP Warning:  Undefined variable $durationSeconds in /var/webfeed/html/app/Views/quiz/play.php on line 293
[11-Jul-2026 08:28:19 UTC] PHP Warning:  Undefined variable $durationSeconds in /var/webfeed/html/app/Views/quiz/play.php on line 293
[11-Jul-2026 08:28:23 UTC] PHP Warning:  Undefined variable $durationSeconds in /var/webfeed/html/app/Views/quiz/play.php on line 293
[11-Jul-2026 08:28:43 UTC] Database Connection Error: SQLSTATE[HY000] [2002] Connection refused
[11-Jul-2026 08:31:04 UTC] Database Connection Error: SQLSTATE[HY000] [2002] Connection refused
[11-Jul-2026 08:32:07 UTC] Database Connection Error: SQLSTATE[HY000] [2002] Connection refused
[11-Jul-2026 08:32:09 UTC] Database Connection Error: SQLSTATE[HY000] [2002] Connection refused
[11-Jul-2026 08:35:58 UTC] Database Connection Error: SQLSTATE[HY000] [2002] Connection refused
[11-Jul-2026 08:45:20 UTC] Database Connection Error: SQLSTATE[HY000] [2002] Connection refused
[11-Jul-2026 08:47:55 UTC] Database Connection Error: SQLSTATE[HY000] [2002] Connection refused
[12-Jul-2026 13:40:59 UTC] Database Connection Error: SQLSTATE[HY000] [2002] Connection refused
[12-Jul-2026 13:47:38 UTC] Database Connection Error: SQLSTATE[HY000] [2002] Connection refused
[12-Jul-2026 13:56:03 UTC] Database Connection Error: SQLSTATE[HY000] [2002] Connection refused
[12-Jul-2026 14:03:32 UTC] Database Connection Error: SQLSTATE[HY000] [2002] Connection refused
[12-Jul-2026 14:09:19 UTC] Database Connection Error: SQLSTATE[HY000] [2002] Connection refused
[12-Jul-2026 14:10:28 UTC] Database Connection Error: SQLSTATE[HY000] [2002] Connection refused
[12-Jul-2026 14:10:30 UTC] Database Connection Error: SQLSTATE[HY000] [2002] Connection refused
[14-Jul-2026 03:13:55 UTC] Database Connection Error: SQLSTATE[HY000] [2002] Connection refused
[14-Jul-2026 03:15:09 UTC] Database Connection Error: SQLSTATE[HY000] [2002] Connection refused
[14-Jul-2026 03:18:13 UTC] Database Connection Error: SQLSTATE[HY000] [2002] Connection refused
[14-Jul-2026 04:12:15 UTC] Database Connection Error: SQLSTATE[HY000] [2002] Connection refused
[14-Jul-2026 04:19:38 UTC] Database Connection Error: SQLSTATE[HY000] [2002] Connection refused
[14-Jul-2026 04:21:48 UTC] Database Connection Error: SQLSTATE[HY000] [2002] Connection refused
[14-Jul-2026 04:22:17 UTC] Database Connection Error: SQLSTATE[HY000] [2002] Connection refused
[14-Jul-2026 04:22:19 UTC] Database Connection Error: SQLSTATE[HY000] [2002] Connection refused
[14-Jul-2026 04:28:01 UTC] Database Connection Error: SQLSTATE[HY000] [2002] php_network_getaddresses: getaddrinfo for nvram-mysql failed: Temporary failure in name resolution
[14-Jul-2026 04:28:03 UTC] Database Connection Error: SQLSTATE[HY000] [2002] Connection refused
